<?xml version="1.0" encoding="UTF-8"?>
<!-- Generated by org.testng.reporters.JUnitReportReporter -->
<testsuite hostname="PAVAN09FA" failures="0" tests="1" name="testCases.TC_002_LoginTest" time="1.808" errors="0" timestamp="2023-06-02T06:45:08 IST" skipped="0">
  <testcase classname="testCases.TC_002_LoginTest" name="test_Login" time="1.808"/>
  <system-out/>
</testsuite> <!-- testCases.TC_002_LoginTest -->
